<?xml version="1.0" encoding="UTF-8" ?>
<testsuite tests="16" failures="0" name="models.AnimalTest" time="1" errors="0" skipped="0">
  <properties>
[...]
</properties>
  <testcase classname="models.AnimalTest" name="getTypeReturnsCorrectAnimalType" time="0.345"/>
  <testcase classname="models.AnimalTest" name="save_animalsAreSavedCorrectlyInDatabase" time="0.116"/>
  <testcase classname="models.AnimalTest" name="getNameReturnsCorrectName_String" time="0.01"/>
  <testcase classname="models.AnimalTest" name="saveAssignsIdToAnimal" time="0.045"/>
  <testcase classname="models.AnimalTest" name="saveThrowsExceptionIfNameNull_true" time="0.009"/>
  <testcase classname="models.AnimalTest" name="update_nameCannotBeNull" time="0.023"/>
  <testcase classname="models.AnimalTest" name="findSightingsReturnsSightingsRelatedToAnimalInstance_true" time="0.155"/>
  <testcase classname="models.AnimalTest" name="equals_returnsTrueIfNamesAreEqual" time="0.007"/>
  <testcase classname="models.AnimalTest" name="findByIdReturnsCorrectInstanceOfAnimal_true" time="0.036"/>
  <testcase classname="models.AnimalTest" name="update_throwsExceptionIfNameNull" time="0.022"/>
  <testcase classname="models.AnimalTest" name="deleteByIdDeletesCorrectAnimal_true" time="0.067"/>
  <testcase classname="models.AnimalTest" name="clearAllClearsAllInstances_true" time="0.037"/>
  <testcase classname="models.AnimalTest" name="AnimalInstantiatesCorrectly_true" time="0.007"/>
  <testcase classname="models.AnimalTest" name="allReturnsAllInstancesOfAnimal_true" time="0.067"/>
  <testcase classname="models.AnimalTest" name="saveCatchesExeptions_true" time="0.012"/>
  <testcase classname="models.AnimalTest" name="updateAnimalInstanceIsUpdatedCorrectly_true" time="0.042"/>
</testsuite>