<?xml version="1.0" encoding="UTF-8" ?>
<testsuite tests="18" failures="0" name="models.EndangeredAnimalTest" time="0.548" errors="0" skipped="0">
  <properties>
[...]
</properties>
  <testcase classname="models.EndangeredAnimalTest" name="update_endangeredAnimalInstanceIsUpdatedCorrectly" time="0.067"/>
  <testcase classname="models.EndangeredAnimalTest" name="save_nameCannotBeNull" time="0.012"/>
  <testcase classname="models.EndangeredAnimalTest" name="save_throwsExceptionIfNameNull" time="0.004"/>
  <testcase classname="models.EndangeredAnimalTest" name="getAge_newEndangeredAnimalInstantiatesCorrectlyWithAge" time="0.008"/>
  <testcase classname="models.EndangeredAnimalTest" name="deleteById_animalInstanceDeletedCorrectlyById" time="0.064"/>
  <testcase classname="models.EndangeredAnimalTest" name="findSightings_sightingsRelatedToAnimalInstanceCanBeFound" time="0.087"/>
  <testcase classname="models.EndangeredAnimalTest" name="clearAll_nothingReturnsFromClearedTable" time="0.035"/>
  <testcase classname="models.EndangeredAnimalTest" name="save_endangeredAnimalIsSavedCorrectlyOnEntry" time="0.031"/>
  <testcase classname="models.EndangeredAnimalTest" name="update_nameCannotBeNull" time="0.023"/>
  <testcase classname="models.EndangeredAnimalTest" name="getHealth_newEndangeredAnimalInstantiatesCorrectlyWithAge" time="0.006"/>
  <testcase classname="models.EndangeredAnimalTest" name="update_throwsExceptionIfNameNull" time="0.026"/>
  <testcase classname="models.EndangeredAnimalTest" name="findById_savedEndangeredCanBeFoundById" time="0.032"/>
  <testcase classname="models.EndangeredAnimalTest" name="equal_endangeredAnimalsWithSameNameHealthAndAge" time="0.008"/>
  <testcase classname="models.EndangeredAnimalTest" name="getType_newEndangeredAnimalInstantiatesCorrectlyWithType" time="0.006"/>
  <testcase classname="models.EndangeredAnimalTest" name="allEndangered_allSavedEndangeredAnimalsReturnedCorrectly" time="0.084"/>
  <testcase classname="models.EndangeredAnimalTest" name="save_assignsIdToEndangeredAnimal" time="0.043"/>
  <testcase classname="models.EndangeredAnimalTest" name="newEndangeredAnimal_newEndangeredAnimalInstantiatesCorrectly" time="0.006"/>
  <testcase classname="models.EndangeredAnimalTest" name="getName_instantiatesCorrectlyWithId" time="0.006"/>
</testsuite>