<?xml version="1.0" encoding="UTF-8" ?>
<testsuite tests="17" failures="0" name="models.SightingTest" time="0.436" errors="0" skipped="0">
  <properties>
[...]
</properties>
  <testcase classname="models.SightingTest" name="save_throwsExceptionIfNameNull" time="0.006"/>
  <testcase classname="models.SightingTest" name="save_recordsTimeOfCreationInDatabase" time="0.042"/>
  <testcase classname="models.SightingTest" name="equal_sightingsWithSameLocationRangerNameAndAnimalIdAreEqual" time="0.008"/>
  <testcase classname="models.SightingTest" name="save_sightingIsSavedCorrectlyOnEntry" time="0.036"/>
  <testcase classname="models.SightingTest" name="newSighting_newSightingInstantiatesCorrectly" time="0.007"/>
  <testcase classname="models.SightingTest" name="update_throwsExceptionIfNullLocationRangerName" time="0.025"/>
  <testcase classname="models.SightingTest" name="clearAll_nothingReturnsFromClearedTable" time="0.033"/>
  <testcase classname="models.SightingTest" name="getRangerName_newSightingInstantiatesCorrectlyWithRangerName" time="0.005"/>
  <testcase classname="models.SightingTest" name="getLocation_newSightingInstantiatesCorrectlyWithLocation" time="0.005"/>
  <testcase classname="models.SightingTest" name="update_sightingInstanceIsUpdatedCorrectly" time="0.042"/>
  <testcase classname="models.SightingTest" name="getAnimalId_newSightingInstantiatesCorrectlyWithAnimalId" time="0.008"/>
  <testcase classname="models.SightingTest" name="update_locationRangerNameCannotBeNull" time="0.025"/>
  <testcase classname="models.SightingTest" name="findById_savedSightingCanBeFoundById" time="0.033"/>
  <testcase classname="models.SightingTest" name="all_allSavedSightingsReturnedCorrectly" time="0.055"/>
  <testcase classname="models.SightingTest" name="deleteById_sightingInstanceDeletedCorrectlyById" time="0.066"/>
  <testcase classname="models.SightingTest" name="save_locationRangerNameCannotBeNull" time="0.008"/>
  <testcase classname="models.SightingTest" name="save_assignsIdToSighting" time="0.032"/>
</testsuite>